<?xml version="1.0" encoding="UTF-8"?>
<!-- Generated by org.testng.reporters.JUnitXMLReporter -->
<testsuite ignored="1" hostname="Shivanagayya" failures="0" tests="2" name="Submit Order Test" time="88.925" errors="0" timestamp="2023-08-16T00:03:10 IST">
  <testcase classname="testPrograms.SubmitOrderTest" name="submiteOrder" time="17.41"/>
  <testcase classname="testPrograms.SubmitOrderTest" name="submiteOrder" time="16.561"/>
  <testcase classname="testPrograms.SubmitOrderTest" name="orderHistoryTest" time="0.0">
    <ignored/>
  </testcase> <!-- orderHistoryTest -->
</testsuite> <!-- Submit Order Test -->
