<?xml version="1.0" encoding="UTF-8"?>
<!-- Generated by org.testng.reporters.JUnitXMLReporter -->
<testsuite ignored="0" hostname="Shivanagayya" failures="0" tests="3" name="Submit Order Test" time="99.202" errors="0" timestamp="18 Aug 2023 11:35:48 GMT">
  <testcase classname="testPrograms.SubmitOrderTest" name="submiteOrder" time="60.791"/>
  <testcase classname="testPrograms.SubmitOrderTest" name="submiteOrder" time="16.495"/>
  <testcase classname="testPrograms.SubmitOrderTest" name="orderHistoryTest" time="1.607"/>
</testsuite> <!-- Submit Order Test -->
