<?xml version="1.0" encoding="UTF-8"?>
<!-- Generated by org.testng.reporters.JUnitXMLReporter -->
<testsuite ignored="1" hostname="Shivanagayya" failures="0" tests="6" name="Test" time="33.787" errors="0" timestamp="2023-09-18T22:43:55 IST">
  <testcase classname="orangeHRMS.Tests.SubmitTest" name="OrangeHRMS_LoginPage" time="1.018"/>
  <testcase classname="orangeHRMS.Tests.SubmitTest" name="OrangeHRMS_OpenPIMPage_AddEmployee" time="4.707"/>
  <testcase classname="orangeHRMS.Tests.SubmitTest" name="OrangeHRMS_OpenPIMPage_AddEmployee" time="3.665"/>
  <testcase classname="orangeHRMS.Tests.SubmitTest" name="OrangeHRMS_OpenPIMPage_AddEmployee" time="4.234"/>
  <testcase classname="orangeHRMS.Tests.SubmitTest" name="OrangeHRMS_OpenPIMPage_AddEmployee" time="3.914"/>
  <testcase classname="orangeHRMS.Tests.SubmitTest" name="OrangeHRMS_OpenPIMPage_AddEmployee" time="3.839"/>
  <testcase classname="orangeHRMS.Tests.SubmitTest" name="OrangeHRMS_OpenPIMPage_SearchEmployee" time="0.0">
    <ignored/>
  </testcase> <!-- OrangeHRMS_OpenPIMPage_SearchEmployee -->
</testsuite> <!-- Test -->
