-------------------------------------------------------------------------------
Test set: TestSuite
-------------------------------------------------------------------------------
Tests run: 5, Failures: 1, Errors: 0, Skipped: 1, Time elapsed: 67.668 s <<< FAILURE! - in TestSuite
LoginApplication(testPrograms.ErrorValidationsTest)  Time elapsed: 1.15 s  <<< FAILURE!
java.lang.AssertionError: null
	at testPrograms.ErrorValidationsTest.LoginApplication(ErrorValidationsTest.java:21)

